🚀 Starting Black Box Fuzzing...
Target: ./target

./fuzz.sh: строка 20:  8611 Аварийный останов      (образ памяти сброшен на диск) timeout 1s $TARGET /tmp/mutated.txt > /dev/null 2>&1
💥 CRASH #1! Exit code: 134 (iteration 1, size: 122 bytes)
./fuzz.sh: строка 20:  8699 Аварийный останов      (образ памяти сброшен на диск) timeout 1s $TARGET /tmp/mutated.txt > /dev/null 2>&1
💥 CRASH #2! Exit code: 134 (iteration 2, size: 215 bytes)
./fuzz.sh: строка 20:  8714 Аварийный останов      (образ памяти сброшен на диск) timeout 1s $TARGET /tmp/mutated.txt > /dev/null 2>&1
💥 CRASH #3! Exit code: 134 (iteration 3, size: 94 bytes)
./fuzz.sh: строка 20:  8728 Аварийный останов      (образ памяти сброшен на диск) timeout 1s $TARGET /tmp/mutated.txt > /dev/null 2>&1
💥 CRASH #4! Exit code: 134 (iteration 4, size: 181 bytes)
./fuzz.sh: строка 20:  8755 Аварийный останов      (образ памяти сброшен на диск) timeout 1s $TARGET /tmp/mutated.txt > /dev/null 2>&1
💥 CRASH #5! Exit code: 134 (iteration 5, size: 193 bytes)
./fuzz.sh: строка 20:  8925 Аварийный останов      (образ памяти сброшен на диск) timeout 1s $TARGET /tmp/mutated.txt > /dev/null 2>&1
💥 CRASH #6! Exit code: 134 (iteration 6, size: 211 bytes)
./fuzz.sh: строка 20:  8939 Аварийный останов      (образ памяти сброшен на диск) timeout 1s $TARGET /tmp/mutated.txt > /dev/null 2>&1
💥 CRASH #7! Exit code: 134 (iteration 7, size: 152 bytes)
./fuzz.sh: строка 20:  8953 Аварийный останов      (образ памяти сброшен на диск) timeout 1s $TARGET /tmp/mutated.txt > /dev/null 2>&1
💥 CRASH #8! Exit code: 134 (iteration 8, size: 118 bytes)
./fuzz.sh: строка 20:  8976 Аварийный останов      (образ памяти сброшен на диск) timeout 1s $TARGET /tmp/mutated.txt > /dev/null 2>&1
💥 CRASH #9! Exit code: 134 (iteration 9, size: 184 bytes)
./fuzz.sh: строка 20:  9035 Аварийный останов      (образ памяти сброшен на диск) timeout 1s $TARGET /tmp/mutated.txt > /dev/null 2>&1
💥 CRASH #10! Exit code: 134 (iteration 10, size: 170 bytes)
./fuzz.sh: строка 20:  9109 Аварийный останов      (образ памяти сброшен на диск) timeout 1s $TARGET /tmp/mutated.txt > /dev/null 2>&1
💥 CRASH #11! Exit code: 134 (iteration 11, size: 197 bytes)
./fuzz.sh: строка 20:  9155 Аварийный останов      (образ памяти сброшен на диск) timeout 1s $TARGET /tmp/mutated.txt > /dev/null 2>&1
💥 CRASH #12! Exit code: 134 (iteration 12, size: 262 bytes)
./fuzz.sh: строка 20:  9171 Аварийный останов      (образ памяти сброшен на диск) timeout 1s $TARGET /tmp/mutated.txt > /dev/null 2>&1
💥 CRASH #13! Exit code: 134 (iteration 13, size: 428 bytes)
./fuzz.sh: строка 20:  9185 Аварийный останов      (образ памяти сброшен на диск) timeout 1s $TARGET /tmp/mutated.txt > /dev/null 2>&1
💥 CRASH #14! Exit code: 134 (iteration 14, size: 121 bytes)
./fuzz.sh: строка 20:  9199 Аварийный останов      (образ памяти сброшен на диск) timeout 1s $TARGET /tmp/mutated.txt > /dev/null 2>&1
💥 CRASH #15! Exit code: 134 (iteration 15, size: 75 bytes)
./fuzz.sh: строка 20:  9213 Аварийный останов      (образ памяти сброшен на диск) timeout 1s $TARGET /tmp/mutated.txt > /dev/null 2>&1
💥 CRASH #16! Exit code: 134 (iteration 16, size: 148 bytes)
./fuzz.sh: строка 20:  9229 Аварийный останов      (образ памяти сброшен на диск) timeout 1s $TARGET /tmp/mutated.txt > /dev/null 2>&1
💥 CRASH #17! Exit code: 134 (iteration 17, size: 368 bytes)
./fuzz.sh: строка 20:  9245 Аварийный останов      (образ памяти сброшен на диск) timeout 1s $TARGET /tmp/mutated.txt > /dev/null 2>&1
💥 CRASH #18! Exit code: 134 (iteration 18, size: 426 bytes)
./fuzz.sh: строка 20:  9261 Аварийный останов      (образ памяти сброшен на диск) timeout 1s $TARGET /tmp/mutated.txt > /dev/null 2>&1
💥 CRASH #19! Exit code: 134 (iteration 19, size: 418 bytes)
./fuzz.sh: строка 20:  9277 Аварийный останов      (образ памяти сброшен на диск) timeout 1s $TARGET /tmp/mutated.txt > /dev/null 2>&1
💥 CRASH #20! Exit code: 134 (iteration 20, size: 388 bytes)
./fuzz.sh: строка 20:  9291 Аварийный останов      (образ памяти сброшен на диск) timeout 1s $TARGET /tmp/mutated.txt > /dev/null 2>&1
💥 CRASH #21! Exit code: 134 (iteration 21, size: 205 bytes)
./fuzz.sh: строка 20:  9305 Аварийный останов      (образ памяти сброшен на диск) timeout 1s $TARGET /tmp/mutated.txt > /dev/null 2>&1
💥 CRASH #22! Exit code: 134 (iteration 22, size: 116 bytes)
./fuzz.sh: строка 20:  9319 Аварийный останов      (образ памяти сброшен на диск) timeout 1s $TARGET /tmp/mutated.txt > /dev/null 2>&1
💥 CRASH #23! Exit code: 134 (iteration 23, size: 91 bytes)
./fuzz.sh: строка 20:  9333 Аварийный останов      (образ памяти сброшен на диск) timeout 1s $TARGET /tmp/mutated.txt > /dev/null 2>&1
💥 CRASH #24! Exit code: 134 (iteration 24, size: 167 bytes)
./fuzz.sh: строка 20:  9349 Аварийный останов      (образ памяти сброшен на диск) timeout 1s $TARGET /tmp/mutated.txt > /dev/null 2>&1
💥 CRASH #25! Exit code: 134 (iteration 25, size: 280 bytes)
./fuzz.sh: строка 20:  9372 Аварийный останов      (образ памяти сброшен на диск) timeout 1s $TARGET /tmp/mutated.txt > /dev/null 2>&1
💥 CRASH #26! Exit code: 134 (iteration 27, size: 189 bytes)
./fuzz.sh: строка 20:  9396 Аварийный останов      (образ памяти сброшен на диск) timeout 1s $TARGET /tmp/mutated.txt > /dev/null 2>&1
💥 CRASH #27! Exit code: 134 (iteration 29, size: 148 bytes)
./fuzz.sh: строка 20:  9438 Аварийный останов      (образ памяти сброшен на диск) timeout 1s $TARGET /tmp/mutated.txt > /dev/null 2>&1
💥 CRASH #28! Exit code: 134 (iteration 32, size: 212 bytes)
./fuzz.sh: строка 20:  9452 Аварийный останов      (образ памяти сброшен на диск) timeout 1s $TARGET /tmp/mutated.txt > /dev/null 2>&1
💥 CRASH #29! Exit code: 134 (iteration 33, size: 200 bytes)
./fuzz.sh: строка 20:  9466 Аварийный останов      (образ памяти сброшен на диск) timeout 1s $TARGET /tmp/mutated.txt > /dev/null 2>&1
💥 CRASH #30! Exit code: 134 (iteration 34, size: 199 bytes)
./fuzz.sh: строка 20:  9499 Аварийный останов      (образ памяти сброшен на диск) timeout 1s $TARGET /tmp/mutated.txt > /dev/null 2>&1
💥 CRASH #31! Exit code: 134 (iteration 35, size: 79 bytes)
./fuzz.sh: строка 20:  9524 Аварийный останов      (образ памяти сброшен на диск) timeout 1s $TARGET /tmp/mutated.txt > /dev/null 2>&1
💥 CRASH #32! Exit code: 134 (iteration 37, size: 206 bytes)
./fuzz.sh: строка 20:  9538 Аварийный останов      (образ памяти сброшен на диск) timeout 1s $TARGET /tmp/mutated.txt > /dev/null 2>&1
💥 CRASH #33! Exit code: 134 (iteration 38, size: 244 bytes)
./fuzz.sh: строка 20:  9552 Аварийный останов      (образ памяти сброшен на диск) timeout 1s $TARGET /tmp/mutated.txt > /dev/null 2>&1
💥 CRASH #34! Exit code: 134 (iteration 39, size: 245 bytes)
./fuzz.sh: строка 20:  9568 Аварийный останов      (образ памяти сброшен на диск) timeout 1s $TARGET /tmp/mutated.txt > /dev/null 2>&1
💥 CRASH #35! Exit code: 134 (iteration 40, size: 178 bytes)
./fuzz.sh: строка 20:  9584 Аварийный останов      (образ памяти сброшен на диск) timeout 1s $TARGET /tmp/mutated.txt > /dev/null 2>&1
💥 CRASH #36! Exit code: 134 (iteration 41, size: 510 bytes)
./fuzz.sh: строка 20:  9601 Аварийный останов      (образ памяти сброшен на диск) timeout 1s $TARGET /tmp/mutated.txt > /dev/null 2>&1
💥 CRASH #37! Exit code: 134 (iteration 42, size: 434 bytes)
./fuzz.sh: строка 20:  9618 Аварийный останов      (образ памяти сброшен на диск) timeout 1s $TARGET /tmp/mutated.txt > /dev/null 2>&1
💥 CRASH #38! Exit code: 134 (iteration 43, size: 368 bytes)
./fuzz.sh: строка 20:  9634 Аварийный останов      (образ памяти сброшен на диск) timeout 1s $TARGET /tmp/mutated.txt > /dev/null 2>&1
💥 CRASH #39! Exit code: 134 (iteration 44, size: 98 bytes)
./fuzz.sh: строка 20:  9650 Аварийный останов      (образ памяти сброшен на диск) timeout 1s $TARGET /tmp/mutated.txt > /dev/null 2>&1
💥 CRASH #40! Exit code: 134 (iteration 45, size: 288 bytes)
./fuzz.sh: строка 20:  9664 Аварийный останов      (образ памяти сброшен на диск) timeout 1s $TARGET /tmp/mutated.txt > /dev/null 2>&1
💥 CRASH #41! Exit code: 134 (iteration 46, size: 148 bytes)
./fuzz.sh: строка 20:  9678 Аварийный останов      (образ памяти сброшен на диск) timeout 1s $TARGET /tmp/mutated.txt > /dev/null 2>&1
💥 CRASH #42! Exit code: 134 (iteration 47, size: 220 bytes)
./fuzz.sh: строка 20:  9694 Аварийный останов      (образ памяти сброшен на диск) timeout 1s $TARGET /tmp/mutated.txt > /dev/null 2>&1
💥 CRASH #43! Exit code: 134 (iteration 48, size: 118 bytes)
./fuzz.sh: строка 20:  9710 Аварийный останов      (образ памяти сброшен на диск) timeout 1s $TARGET /tmp/mutated.txt > /dev/null 2>&1
💥 CRASH #44! Exit code: 134 (iteration 49, size: 84 bytes)
./fuzz.sh: строка 20:  9724 Аварийный останов      (образ памяти сброшен на диск) timeout 1s $TARGET /tmp/mutated.txt > /dev/null 2>&1
💥 CRASH #45! Exit code: 134 (iteration 50, size: 67 bytes)
  Progress: 50/300 | Crashes: 45
./fuzz.sh: строка 20:  9738 Аварийный останов      (образ памяти сброшен на диск) timeout 1s $TARGET /tmp/mutated.txt > /dev/null 2>&1
💥 CRASH #46! Exit code: 134 (iteration 51, size: 65 bytes)
./fuzz.sh: строка 20:  9752 Аварийный останов      (образ памяти сброшен на диск) timeout 1s $TARGET /tmp/mutated.txt > /dev/null 2>&1
💥 CRASH #47! Exit code: 134 (iteration 52, size: 186 bytes)
./fuzz.sh: строка 20:  9768 Аварийный останов      (образ памяти сброшен на диск) timeout 1s $TARGET /tmp/mutated.txt > /dev/null 2>&1
💥 CRASH #48! Exit code: 134 (iteration 53, size: 346 bytes)
./fuzz.sh: строка 20:  9782 Аварийный останов      (образ памяти сброшен на диск) timeout 1s $TARGET /tmp/mutated.txt > /dev/null 2>&1
💥 CRASH #49! Exit code: 134 (iteration 54, size: 234 bytes)
./fuzz.sh: строка 20:  9823 Аварийный останов      (образ памяти сброшен на диск) timeout 1s $TARGET /tmp/mutated.txt > /dev/null 2>&1
💥 CRASH #50! Exit code: 134 (iteration 58, size: 245 bytes)
./fuzz.sh: строка 20:  9839 Аварийный останов      (образ памяти сброшен на диск) timeout 1s $TARGET /tmp/mutated.txt > /dev/null 2>&1
💥 CRASH #51! Exit code: 134 (iteration 59, size: 380 bytes)
./fuzz.sh: строка 20:  9853 Аварийный останов      (образ памяти сброшен на диск) timeout 1s $TARGET /tmp/mutated.txt > /dev/null 2>&1
💥 CRASH #52! Exit code: 134 (iteration 60, size: 231 bytes)
./fuzz.sh: строка 20:  9867 Аварийный останов      (образ памяти сброшен на диск) timeout 1s $TARGET /tmp/mutated.txt > /dev/null 2>&1
💥 CRASH #53! Exit code: 134 (iteration 61, size: 191 bytes)
./fuzz.sh: строка 20:  9883 Аварийный останов      (образ памяти сброшен на диск) timeout 1s $TARGET /tmp/mutated.txt > /dev/null 2>&1
💥 CRASH #54! Exit code: 134 (iteration 62, size: 194 bytes)
./fuzz.sh: строка 20:  9897 Аварийный останов      (образ памяти сброшен на диск) timeout 1s $TARGET /tmp/mutated.txt > /dev/null 2>&1
💥 CRASH #55! Exit code: 134 (iteration 63, size: 67 bytes)
./fuzz.sh: строка 20:  9911 Аварийный останов      (образ памяти сброшен на диск) timeout 1s $TARGET /tmp/mutated.txt > /dev/null 2>&1
💥 CRASH #56! Exit code: 134 (iteration 64, size: 150 bytes)
./fuzz.sh: строка 20:  9925 Аварийный останов      (образ памяти сброшен на диск) timeout 1s $TARGET /tmp/mutated.txt > /dev/null 2>&1
💥 CRASH #57! Exit code: 134 (iteration 65, size: 124 bytes)
./fuzz.sh: строка 20:  9939 Аварийный останов      (образ памяти сброшен на диск) timeout 1s $TARGET /tmp/mutated.txt > /dev/null 2>&1
💥 CRASH #58! Exit code: 134 (iteration 66, size: 213 bytes)
./fuzz.sh: строка 20:  9953 Аварийный останов      (образ памяти сброшен на диск) timeout 1s $TARGET /tmp/mutated.txt > /dev/null 2>&1
💥 CRASH #59! Exit code: 134 (iteration 67, size: 200 bytes)
./fuzz.sh: строка 20:  9978 Аварийный останов      (образ памяти сброшен на диск) timeout 1s $TARGET /tmp/mutated.txt > /dev/null 2>&1
💥 CRASH #60! Exit code: 134 (iteration 69, size: 190 bytes)
./fuzz.sh: строка 20: 10010 Аварийный останов      (образ памяти сброшен на диск) timeout 1s $TARGET /tmp/mutated.txt > /dev/null 2>&1
💥 CRASH #61! Exit code: 134 (iteration 72, size: 107 bytes)
./fuzz.sh: строка 20: 10024 Аварийный останов      (образ памяти сброшен на диск) timeout 1s $TARGET /tmp/mutated.txt > /dev/null 2>&1
💥 CRASH #62! Exit code: 134 (iteration 73, size: 98 bytes)
./fuzz.sh: строка 20: 10038 Аварийный останов      (образ памяти сброшен на диск) timeout 1s $TARGET /tmp/mutated.txt > /dev/null 2>&1
💥 CRASH #63! Exit code: 134 (iteration 74, size: 246 bytes)
./fuzz.sh: строка 20: 10054 Аварийный останов      (образ памяти сброшен на диск) timeout 1s $TARGET /tmp/mutated.txt > /dev/null 2>&1
💥 CRASH #64! Exit code: 134 (iteration 75, size: 78 bytes)
./fuzz.sh: строка 20: 10077 Аварийный останов      (образ памяти сброшен на диск) timeout 1s $TARGET /tmp/mutated.txt > /dev/null 2>&1
💥 CRASH #65! Exit code: 134 (iteration 77, size: 185 bytes)
./fuzz.sh: строка 20: 10093 Аварийный останов      (образ памяти сброшен на диск) timeout 1s $TARGET /tmp/mutated.txt > /dev/null 2>&1
💥 CRASH #66! Exit code: 134 (iteration 78, size: 88 bytes)
./fuzz.sh: строка 20: 10107 Аварийный останов      (образ памяти сброшен на диск) timeout 1s $TARGET /tmp/mutated.txt > /dev/null 2>&1
💥 CRASH #67! Exit code: 134 (iteration 79, size: 68 bytes)
./fuzz.sh: строка 20: 10121 Аварийный останов      (образ памяти сброшен на диск) timeout 1s $TARGET /tmp/mutated.txt > /dev/null 2>&1
💥 CRASH #68! Exit code: 134 (iteration 80, size: 241 bytes)
./fuzz.sh: строка 20: 10135 Аварийный останов      (образ памяти сброшен на диск) timeout 1s $TARGET /tmp/mutated.txt > /dev/null 2>&1
💥 CRASH #69! Exit code: 134 (iteration 81, size: 128 bytes)
./fuzz.sh: строка 20: 10158 Аварийный останов      (образ памяти сброшен на диск) timeout 1s $TARGET /tmp/mutated.txt > /dev/null 2>&1
💥 CRASH #70! Exit code: 134 (iteration 83, size: 197 bytes)
./fuzz.sh: строка 20: 10172 Аварийный останов      (образ памяти сброшен на диск) timeout 1s $TARGET /tmp/mutated.txt > /dev/null 2>&1
💥 CRASH #71! Exit code: 134 (iteration 84, size: 108 bytes)
./fuzz.sh: строка 20: 10186 Аварийный останов      (образ памяти сброшен на диск) timeout 1s $TARGET /tmp/mutated.txt > /dev/null 2>&1
💥 CRASH #72! Exit code: 134 (iteration 85, size: 203 bytes)
./fuzz.sh: строка 20: 10200 Аварийный останов      (образ памяти сброшен на диск) timeout 1s $TARGET /tmp/mutated.txt > /dev/null 2>&1
💥 CRASH #73! Exit code: 134 (iteration 86, size: 126 bytes)
./fuzz.sh: строка 20: 10216 Аварийный останов      (образ памяти сброшен на диск) timeout 1s $TARGET /tmp/mutated.txt > /dev/null 2>&1
💥 CRASH #74! Exit code: 134 (iteration 87, size: 244 bytes)
./fuzz.sh: строка 20: 10230 Аварийный останов      (образ памяти сброшен на диск) timeout 1s $TARGET /tmp/mutated.txt > /dev/null 2>&1
💥 CRASH #75! Exit code: 134 (iteration 88, size: 71 bytes)
./fuzz.sh: строка 20: 10255 Аварийный останов      (образ памяти сброшен на диск) timeout 1s $TARGET /tmp/mutated.txt > /dev/null 2>&1
💥 CRASH #76! Exit code: 134 (iteration 90, size: 68 bytes)
./fuzz.sh: строка 20: 10269 Аварийный останов      (образ памяти сброшен на диск) timeout 1s $TARGET /tmp/mutated.txt > /dev/null 2>&1
💥 CRASH #77! Exit code: 134 (iteration 91, size: 140 bytes)
./fuzz.sh: строка 20: 10285 Аварийный останов      (образ памяти сброшен на диск) timeout 1s $TARGET /tmp/mutated.txt > /dev/null 2>&1
💥 CRASH #78! Exit code: 134 (iteration 92, size: 428 bytes)
./fuzz.sh: строка 20: 10308 Аварийный останов      (образ памяти сброшен на диск) timeout 1s $TARGET /tmp/mutated.txt > /dev/null 2>&1
💥 CRASH #79! Exit code: 134 (iteration 94, size: 90 bytes)
./fuzz.sh: строка 20: 10322 Аварийный останов      (образ памяти сброшен на диск) timeout 1s $TARGET /tmp/mutated.txt > /dev/null 2>&1
💥 CRASH #80! Exit code: 134 (iteration 95, size: 156 bytes)
./fuzz.sh: строка 20: 10338 Аварийный останов      (образ памяти сброшен на диск) timeout 1s $TARGET /tmp/mutated.txt > /dev/null 2>&1
💥 CRASH #81! Exit code: 134 (iteration 96, size: 202 bytes)
./fuzz.sh: строка 20: 10354 Аварийный останов      (образ памяти сброшен на диск) timeout 1s $TARGET /tmp/mutated.txt > /dev/null 2>&1
💥 CRASH #82! Exit code: 134 (iteration 97, size: 242 bytes)
./fuzz.sh: строка 20: 10368 Аварийный останов      (образ памяти сброшен на диск) timeout 1s $TARGET /tmp/mutated.txt > /dev/null 2>&1
💥 CRASH #83! Exit code: 134 (iteration 98, size: 230 bytes)
./fuzz.sh: строка 20: 10385 Аварийный останов      (образ памяти сброшен на диск) timeout 1s $TARGET /tmp/mutated.txt > /dev/null 2>&1
💥 CRASH #84! Exit code: 134 (iteration 99, size: 408 bytes)
./fuzz.sh: строка 20: 10399 Аварийный останов      (образ памяти сброшен на диск) timeout 1s $TARGET /tmp/mutated.txt > /dev/null 2>&1
💥 CRASH #85! Exit code: 134 (iteration 100, size: 117 bytes)
  Progress: 100/300 | Crashes: 85
./fuzz.sh: строка 20: 10415 Аварийный останов      (образ памяти сброшен на диск) timeout 1s $TARGET /tmp/mutated.txt > /dev/null 2>&1
💥 CRASH #86! Exit code: 134 (iteration 101, size: 312 bytes)
./fuzz.sh: строка 20: 10431 Аварийный останов      (образ памяти сброшен на диск) timeout 1s $TARGET /tmp/mutated.txt > /dev/null 2>&1
💥 CRASH #87! Exit code: 134 (iteration 102, size: 364 bytes)
./fuzz.sh: строка 20: 10447 Аварийный останов      (образ памяти сброшен на диск) timeout 1s $TARGET /tmp/mutated.txt > /dev/null 2>&1
💥 CRASH #88! Exit code: 134 (iteration 103, size: 268 bytes)
./fuzz.sh: строка 20: 10461 Аварийный останов      (образ памяти сброшен на диск) timeout 1s $TARGET /tmp/mutated.txt > /dev/null 2>&1
💥 CRASH #89! Exit code: 134 (iteration 104, size: 244 bytes)
./fuzz.sh: строка 20: 10486 Аварийный останов      (образ памяти сброшен на диск) timeout 1s $TARGET /tmp/mutated.txt > /dev/null 2>&1
💥 CRASH #90! Exit code: 134 (iteration 106, size: 394 bytes)
./fuzz.sh: строка 20: 10518 Аварийный останов      (образ памяти сброшен на диск) timeout 1s $TARGET /tmp/mutated.txt > /dev/null 2>&1
💥 CRASH #91! Exit code: 134 (iteration 109, size: 194 bytes)
./fuzz.sh: строка 20: 10534 Аварийный останов      (образ памяти сброшен на диск) timeout 1s $TARGET /tmp/mutated.txt > /dev/null 2>&1
💥 CRASH #92! Exit code: 134 (iteration 110, size: 278 bytes)
./fuzz.sh: строка 20: 10550 Аварийный останов      (образ памяти сброшен на диск) timeout 1s $TARGET /tmp/mutated.txt > /dev/null 2>&1
💥 CRASH #93! Exit code: 134 (iteration 111, size: 304 bytes)
./fuzz.sh: строка 20: 10573 Аварийный останов      (образ памяти сброшен на диск) timeout 1s $TARGET /tmp/mutated.txt > /dev/null 2>&1
💥 CRASH #94! Exit code: 134 (iteration 113, size: 254 bytes)
./fuzz.sh: строка 20: 10596 Аварийный останов      (образ памяти сброшен на диск) timeout 1s $TARGET /tmp/mutated.txt > /dev/null 2>&1
💥 CRASH #95! Exit code: 134 (iteration 115, size: 139 bytes)
./fuzz.sh: строка 20: 10612 Аварийный останов      (образ памяти сброшен на диск) timeout 1s $TARGET /tmp/mutated.txt > /dev/null 2>&1
💥 CRASH #96! Exit code: 134 (iteration 116, size: 240 bytes)
./fuzz.sh: строка 20: 10628 Аварийный останов      (образ памяти сброшен на диск) timeout 1s $TARGET /tmp/mutated.txt > /dev/null 2>&1
💥 CRASH #97! Exit code: 134 (iteration 117, size: 274 bytes)
./fuzz.sh: строка 20: 10644 Аварийный останов      (образ памяти сброшен на диск) timeout 1s $TARGET /tmp/mutated.txt > /dev/null 2>&1
💥 CRASH #98! Exit code: 134 (iteration 118, size: 502 bytes)
./fuzz.sh: строка 20: 10660 Аварийный останов      (образ памяти сброшен на диск) timeout 1s $TARGET /tmp/mutated.txt > /dev/null 2>&1
💥 CRASH #99! Exit code: 134 (iteration 119, size: 162 bytes)
./fuzz.sh: строка 20: 10701 Аварийный останов      (образ памяти сброшен на диск) timeout 1s $TARGET /tmp/mutated.txt > /dev/null 2>&1
💥 CRASH #100! Exit code: 134 (iteration 123, size: 105 bytes)
./fuzz.sh: строка 20: 10715 Аварийный останов      (образ памяти сброшен на диск) timeout 1s $TARGET /tmp/mutated.txt > /dev/null 2>&1
💥 CRASH #101! Exit code: 134 (iteration 124, size: 237 bytes)
./fuzz.sh: строка 20: 10729 Аварийный останов      (образ памяти сброшен на диск) timeout 1s $TARGET /tmp/mutated.txt > /dev/null 2>&1
💥 CRASH #102! Exit code: 134 (iteration 125, size: 217 bytes)
./fuzz.sh: строка 20: 10762 Аварийный останов      (образ памяти сброшен на диск) timeout 1s $TARGET /tmp/mutated.txt > /dev/null 2>&1
💥 CRASH #103! Exit code: 134 (iteration 128, size: 163 bytes)
